2025-12-29 11:15:09,271 [qtp1348905109-67] ERROR o.a.camel.component.jetty.CamelContinuationServlet v2.13 - Error processing request
org.eclipse.jetty.io.EofException: null
	at org.eclipse.jetty.io.ChannelEndPoint.flush(ChannelEndPoint.java:286)
	at org.eclipse.jetty.io.WriteFlusher.flush(WriteFlusher.java:393)
	at org.eclipse.jetty.io.WriteFlusher.write(WriteFlusher.java:277)
	at org.eclipse.jetty.io.AbstractEndPoint.write(AbstractEndPoint.java:380)
	at org.eclipse.jetty.server.HttpConnection$SendCallback.process(HttpConnection.java:808)
	at org.eclipse.jetty.util.IteratingCallback.processing(IteratingCallback.java:241)
	at org.eclipse.jetty.util.IteratingCallback.iterate(IteratingCallback.java:224)
	at org.eclipse.jetty.server.HttpConnection.send(HttpConnection.java:538)
	at org.eclipse.jetty.server.HttpChannel.sendResponse(HttpChannel.java:836)
	at org.eclipse.jetty.server.HttpChannel.write(HttpChannel.java:887)
	at org.eclipse.jetty.server.HttpOutput.write(HttpOutput.java:239)
	at org.eclipse.jetty.server.HttpOutput.write(HttpOutput.java:215)
	at org.eclipse.jetty.server.HttpOutput.write(HttpOutput.java:535)
	at org.apache.camel.util.IOHelper.copy(IOHelper.java:214)
	at org.apache.camel.http.common.DefaultHttpBinding.copyStream(DefaultHttpBinding.java:432)
	at org.apache.camel.http.common.DefaultHttpBinding.doWriteDirectResponse(DefaultHttpBinding.java:496)
	at org.apache.camel.http.common.DefaultHttpBinding.doWriteResponse(DefaultHttpBinding.java:395)
	at org.apache.camel.http.common.DefaultHttpBinding.writeResponse(DefaultHttpBinding.java:322)
	at org.apache.camel.component.jetty.CamelContinuationServlet.doService(CamelContinuationServlet.java:241)
	at org.apache.camel.http.common.CamelServlet.service(CamelServlet.java:73)
	at javax.servlet.http.HttpServlet.service(HttpServlet.java:790)
	at org.eclipse.jetty.servlet.ServletHolder.handle(ServletHolder.java:865)
	at org.eclipse.jetty.servlet.ServletHandler$CachedChain.doFilter(ServletHandler.java:1655)
	at org.apache.camel.component.jetty.CamelFilterWrapper.doFilter(CamelFilterWrapper.java:45)
	at org.eclipse.jetty.servlet.ServletHandler$CachedChain.doFilter(ServletHandler.java:1642)
	at org.eclipse.jetty.servlet.ServletHandler.doHandle(ServletHandler.java:533)
	at org.eclipse.jetty.server.handler.ScopedHandler.nextHandle(ScopedHandler.java:255)
	at org.eclipse.jetty.server.handler.ContextHandler.doHandle(ContextHandler.java:1340)
	at org.eclipse.jetty.server.handler.ScopedHandler.nextScope(ScopedHandler.java:203)
	at org.eclipse.jetty.servlet.ServletHandler.doScope(ServletHandler.java:473)
	at org.eclipse.jetty.server.handler.ScopedHandler.nextScope(ScopedHandler.java:201)
	at org.eclipse.jetty.server.handler.ContextHandler.doScope(ContextHandler.java:1242)
	at org.eclipse.jetty.server.handler.ScopedHandler.handle(ScopedHandler.java:144)
	at org.eclipse.jetty.server.handler.HandlerWrapper.handle(HandlerWrapper.java:132)
	at org.eclipse.jetty.server.Server.handleAsync(Server.java:548)
	at org.eclipse.jetty.server.HttpChannel.handle(HttpChannel.java:388)
	at org.eclipse.jetty.server.HttpConnection.onFillable(HttpConnection.java:260)
	at org.eclipse.jetty.io.AbstractConnection$ReadCallback.succeeded(AbstractConnection.java:305)
	at org.eclipse.jetty.io.FillInterest.fillable(FillInterest.java:103)
	at org.eclipse.jetty.io.ChannelEndPoint$2.run(ChannelEndPoint.java:118)
	at org.eclipse.jetty.util.thread.QueuedThreadPool.runJob(QueuedThreadPool.java:765)
	at org.eclipse.jetty.util.thread.QueuedThreadPool$2.run(QueuedThreadPool.java:683)
	at java.base/java.lang.Thread.run(Thread.java:829)
Caused by: java.io.IOException: Se ha anulado una conexión establecida por el software en su equipo host.
	at java.base/sun.nio.ch.SocketDispatcher.writev0(Native Method)
	at java.base/sun.nio.ch.SocketDispatcher.writev(SocketDispatcher.java:55)
	at java.base/sun.nio.ch.IOUtil.write(IOUtil.java:182)
	at java.base/sun.nio.ch.IOUtil.write(IOUtil.java:130)
	at java.base/sun.nio.ch.SocketChannelImpl.write(SocketChannelImpl.java:493)
	at org.eclipse.jetty.io.ChannelEndPoint.flush(ChannelEndPoint.java:266)
	... 42 common frames omitted
